<?xml version="1.0" encoding="UTF-8"?>
<!-- Generated by org.testng.reporters.JUnitXMLReporter -->
<testsuite ignored="0" hostname="Sign-DnyaneshwarG" failures="1" tests="2" name="Error validation  " time="11.823" errors="0" timestamp="2025-11-18T19:02:48 IST">
  <testcase classname="rahulshettyacademy.ErrorValidationTest" name="loginErrorValidation" time="0.388">
    <failure type="java.lang.AssertionError" message="expected [Incorrect email or password.] but found [ Incorrect email or password.]">
      <![CDATA[java.lang.AssertionError: expected [Incorrect email or password.] but found [ Incorrect email or password.]
at rahulshettyacademy.ErrorValidationTest.loginErrorValidation(ErrorValidationTest.java:34)
at java.base/java.util.ArrayList.forEach(ArrayList.java:1596)
... Removed 31 stack frames]]>
    </failure>
  </testcase> <!-- loginErrorValidation -->
  <testcase classname="rahulshettyacademy.ErrorValidationTest" name="productErrorValidation" time="8.511"/>
</testsuite> <!-- Error validation   -->
