<?xml version="1.0" encoding="UTF-8"?>
<!-- Generated by org.testng.reporters.JUnitXMLReporter -->
<testsuite ignored="0" hostname="Sign-DnyaneshwarG" failures="0" tests="4" name="RegisterTest" time="6.566" errors="0" timestamp="2025-11-18T16:58:39 IST">
  <testcase classname="TestNG.TestNG_TC_002" name="testNG1Demo" time="0.006"/>
  <testcase classname="BDD.BDD_TC_002" name="bddtest2" time="0.009"/>
  <testcase classname="BDD.BDD_TC_001" name="bddTest" time="0.007"/>
  <testcase classname="Tutorialsninja.TC_001" name="registerWithFields" time="4.704"/>
</testsuite> <!-- RegisterTest -->
