<?xml version="1.0" encoding="UTF-8"?>
<testng-results ignored="0" total="3" passed="3" failed="0" skipped="0">
  <reporter-output>
  </reporter-output>
  <suite started-at="2025-11-20T18:08:14 IST" name="Suite" finished-at="2025-11-20T18:08:48 IST" duration-ms="33829">
    <groups>
    </groups>
    <test started-at="2025-11-20T18:08:14 IST" name="submit order " finished-at="2025-11-20T18:08:37 IST" duration-ms="22737">
      <class name="rahulshettyacademy.SubmitOrderTest">
        <test-method is-config="true" signature="LaunchApplication()[pri:0, instance:rahulshettyacademy.SubmitOrderTest@5b12b668]" started-at="2025-11-20T18:08:14 IST" name="LaunchApplication" finished-at="2025-11-20T18:08:20 IST" duration-ms="5289" status="PASS">
          <reporter-output>
          </reporter-output>
        </test-method> <!-- LaunchApplication -->
        <test-method signature="submitOrder()[pri:0, instance:rahulshettyacademy.SubmitOrderTest@5b12b668]" started-at="2025-11-20T18:08:20 IST" name="submitOrder" finished-at="2025-11-20T18:08:34 IST" duration-ms="14516" status="PASS">
          <reporter-output>
          </reporter-output>
        </test-method> <!-- submitOrder -->
        <test-method is-config="true" signature="tearDown()[pri:0, instance:rahulshettyacademy.SubmitOrderTest@5b12b668]" started-at="2025-11-20T18:08:34 IST" name="tearDown" finished-at="2025-11-20T18:08:34 IST" duration-ms="231" status="PASS">
          <reporter-output>
          </reporter-output>
        </test-method> <!-- tearDown -->
        <test-method is-config="true" signature="LaunchApplication()[pri:0, instance:rahulshettyacademy.SubmitOrderTest@5b12b668]" started-at="2025-11-20T18:08:34 IST" name="LaunchApplication" finished-at="2025-11-20T18:08:37 IST" duration-ms="2067" status="PASS">
          <reporter-output>
          </reporter-output>
        </test-method> <!-- LaunchApplication -->
        <test-method signature="orderHistoryTest()[pri:0, instance:rahulshettyacademy.SubmitOrderTest@5b12b668]" started-at="2025-11-20T18:08:37 IST" name="orderHistoryTest" finished-at="2025-11-20T18:08:37 IST" depends-on-methods="rahulshettyacademy.SubmitOrderTest.submitOrder" duration-ms="405" status="PASS">
          <reporter-output>
          </reporter-output>
        </test-method> <!-- orderHistoryTest -->
        <test-method is-config="true" signature="tearDown()[pri:0, instance:rahulshettyacademy.SubmitOrderTest@5b12b668]" started-at="2025-11-20T18:08:37 IST" name="tearDown" finished-at="2025-11-20T18:08:37 IST" duration-ms="176" status="PASS">
          <reporter-output>
          </reporter-output>
        </test-method> <!-- tearDown -->
      </class> <!-- rahulshettyacademy.SubmitOrderTest -->
    </test> <!-- submit order  -->
    <test started-at="2025-11-20T18:08:37 IST" name="Error validation  " finished-at="2025-11-20T18:08:48 IST" duration-ms="11078">
      <class name="rahulshettyacademy.ErrorValidationTest">
        <test-method is-config="true" signature="LaunchApplication()[pri:0, instance:rahulshettyacademy.ErrorValidationTest@2e377400]" started-at="2025-11-20T18:08:37 IST" name="LaunchApplication" finished-at="2025-11-20T18:08:39 IST" duration-ms="1989" status="PASS">
          <reporter-output>
          </reporter-output>
        </test-method> <!-- LaunchApplication -->
        <test-method signature="productErrorValidation()[pri:0, instance:rahulshettyacademy.ErrorValidationTest@2e377400]" started-at="2025-11-20T18:08:39 IST" name="productErrorValidation" finished-at="2025-11-20T18:08:48 IST" duration-ms="8872" status="PASS">
          <reporter-output>
          </reporter-output>
        </test-method> <!-- productErrorValidation -->
        <test-method is-config="true" signature="tearDown()[pri:0, instance:rahulshettyacademy.ErrorValidationTest@2e377400]" started-at="2025-11-20T18:08:48 IST" name="tearDown" finished-at="2025-11-20T18:08:48 IST" duration-ms="214" status="PASS">
          <reporter-output>
          </reporter-output>
        </test-method> <!-- tearDown -->
      </class> <!-- rahulshettyacademy.ErrorValidationTest -->
    </test> <!-- Error validation   -->
  </suite> <!-- Suite -->
</testng-results>
