<?xml version="1.0" encoding="UTF-8"?>
<testng-results ignored="0" total="3" passed="3" failed="0" skipped="0">
  <reporter-output>
  </reporter-output>
  <suite started-at="2025-11-18T19:22:11 IST" name="Suite" finished-at="2025-11-18T19:22:36 IST" duration-ms="25380">
    <groups>
    </groups>
    <test started-at="2025-11-18T19:22:11 IST" name="submit order " finished-at="2025-11-18T19:22:26 IST" duration-ms="15088">
      <class name="rahulshettyacademy.SubmitOrderTest">
        <test-method is-config="true" signature="LaunchApplication()[pri:0, instance:rahulshettyacademy.SubmitOrderTest@5b12b668]" started-at="2025-11-18T19:22:11 IST" name="LaunchApplication" finished-at="2025-11-18T19:22:13 IST" duration-ms="2065" status="PASS">
          <reporter-output>
          </reporter-output>
        </test-method> <!-- LaunchApplication -->
        <test-method signature="submitOrder()[pri:0, instance:rahulshettyacademy.SubmitOrderTest@5b12b668]" started-at="2025-11-18T19:22:13 IST" name="submitOrder" finished-at="2025-11-18T19:22:23 IST" duration-ms="10820" status="PASS">
          <reporter-output>
          </reporter-output>
        </test-method> <!-- submitOrder -->
        <test-method is-config="true" signature="tearDown()[pri:0, instance:rahulshettyacademy.SubmitOrderTest@5b12b668]" started-at="2025-11-18T19:22:23 IST" name="tearDown" finished-at="2025-11-18T19:22:24 IST" duration-ms="206" status="PASS">
          <reporter-output>
          </reporter-output>
        </test-method> <!-- tearDown -->
        <test-method is-config="true" signature="LaunchApplication()[pri:0, instance:rahulshettyacademy.SubmitOrderTest@5b12b668]" started-at="2025-11-18T19:22:24 IST" name="LaunchApplication" finished-at="2025-11-18T19:22:25 IST" duration-ms="1389" status="PASS">
          <reporter-output>
          </reporter-output>
        </test-method> <!-- LaunchApplication -->
        <test-method signature="orderHistoryTest()[pri:0, instance:rahulshettyacademy.SubmitOrderTest@5b12b668]" started-at="2025-11-18T19:22:25 IST" name="orderHistoryTest" finished-at="2025-11-18T19:22:25 IST" depends-on-methods="rahulshettyacademy.SubmitOrderTest.submitOrder" duration-ms="367" status="PASS">
          <reporter-output>
          </reporter-output>
        </test-method> <!-- orderHistoryTest -->
        <test-method is-config="true" signature="tearDown()[pri:0, instance:rahulshettyacademy.SubmitOrderTest@5b12b668]" started-at="2025-11-18T19:22:25 IST" name="tearDown" finished-at="2025-11-18T19:22:26 IST" duration-ms="204" status="PASS">
          <reporter-output>
          </reporter-output>
        </test-method> <!-- tearDown -->
      </class> <!-- rahulshettyacademy.SubmitOrderTest -->
    </test> <!-- submit order  -->
    <test started-at="2025-11-18T19:22:26 IST" name="Error validation  " finished-at="2025-11-18T19:22:36 IST" duration-ms="10273">
      <class name="rahulshettyacademy.ErrorValidationTest">
        <test-method is-config="true" signature="LaunchApplication()[pri:0, instance:rahulshettyacademy.ErrorValidationTest@2e377400]" started-at="2025-11-18T19:22:26 IST" name="LaunchApplication" finished-at="2025-11-18T19:22:27 IST" duration-ms="1578" status="PASS">
          <reporter-output>
          </reporter-output>
        </test-method> <!-- LaunchApplication -->
        <test-method signature="productErrorValidation()[pri:0, instance:rahulshettyacademy.ErrorValidationTest@2e377400]" started-at="2025-11-18T19:22:27 IST" name="productErrorValidation" finished-at="2025-11-18T19:22:36 IST" duration-ms="8494" status="PASS">
          <reporter-output>
          </reporter-output>
        </test-method> <!-- productErrorValidation -->
        <test-method is-config="true" signature="tearDown()[pri:0, instance:rahulshettyacademy.ErrorValidationTest@2e377400]" started-at="2025-11-18T19:22:36 IST" name="tearDown" finished-at="2025-11-18T19:22:36 IST" duration-ms="200" status="PASS">
          <reporter-output>
          </reporter-output>
        </test-method> <!-- tearDown -->
      </class> <!-- rahulshettyacademy.ErrorValidationTest -->
    </test> <!-- Error validation   -->
  </suite> <!-- Suite -->
</testng-results>
