<?xml version="1.0" encoding="UTF-8"?>
<testng-results ignored="0" total="3" passed="3" failed="0" skipped="0">
  <reporter-output>
  </reporter-output>
  <suite started-at="2025-11-18T19:29:30 IST" name="Suite" finished-at="2025-11-18T19:29:56 IST" duration-ms="26512">
    <groups>
    </groups>
    <test started-at="2025-11-18T19:29:30 IST" name="submit order " finished-at="2025-11-18T19:29:45 IST" duration-ms="15363">
      <class name="rahulshettyacademy.SubmitOrderTest">
        <test-method is-config="true" signature="LaunchApplication()[pri:0, instance:rahulshettyacademy.SubmitOrderTest@5b12b668]" started-at="2025-11-18T19:29:30 IST" name="LaunchApplication" finished-at="2025-11-18T19:29:32 IST" duration-ms="2189" status="PASS">
          <reporter-output>
          </reporter-output>
        </test-method> <!-- LaunchApplication -->
        <test-method signature="submitOrder()[pri:0, instance:rahulshettyacademy.SubmitOrderTest@5b12b668]" started-at="2025-11-18T19:29:32 IST" name="submitOrder" finished-at="2025-11-18T19:29:43 IST" duration-ms="10821" status="PASS">
          <reporter-output>
          </reporter-output>
        </test-method> <!-- submitOrder -->
        <test-method is-config="true" signature="tearDown()[pri:0, instance:rahulshettyacademy.SubmitOrderTest@5b12b668]" started-at="2025-11-18T19:29:43 IST" name="tearDown" finished-at="2025-11-18T19:29:43 IST" duration-ms="232" status="PASS">
          <reporter-output>
          </reporter-output>
        </test-method> <!-- tearDown -->
        <test-method is-config="true" signature="LaunchApplication()[pri:0, instance:rahulshettyacademy.SubmitOrderTest@5b12b668]" started-at="2025-11-18T19:29:43 IST" name="LaunchApplication" finished-at="2025-11-18T19:29:44 IST" duration-ms="1398" status="PASS">
          <reporter-output>
          </reporter-output>
        </test-method> <!-- LaunchApplication -->
        <test-method signature="orderHistoryTest()[pri:0, instance:rahulshettyacademy.SubmitOrderTest@5b12b668]" started-at="2025-11-18T19:29:44 IST" name="orderHistoryTest" finished-at="2025-11-18T19:29:45 IST" depends-on-methods="rahulshettyacademy.SubmitOrderTest.submitOrder" duration-ms="449" status="PASS">
          <reporter-output>
          </reporter-output>
        </test-method> <!-- orderHistoryTest -->
        <test-method is-config="true" signature="tearDown()[pri:0, instance:rahulshettyacademy.SubmitOrderTest@5b12b668]" started-at="2025-11-18T19:29:45 IST" name="tearDown" finished-at="2025-11-18T19:29:45 IST" duration-ms="230" status="PASS">
          <reporter-output>
          </reporter-output>
        </test-method> <!-- tearDown -->
      </class> <!-- rahulshettyacademy.SubmitOrderTest -->
    </test> <!-- submit order  -->
    <test started-at="2025-11-18T19:29:45 IST" name="Error validation  " finished-at="2025-11-18T19:29:56 IST" duration-ms="11124">
      <class name="rahulshettyacademy.ErrorValidationTest">
        <test-method is-config="true" signature="LaunchApplication()[pri:0, instance:rahulshettyacademy.ErrorValidationTest@2e377400]" started-at="2025-11-18T19:29:45 IST" name="LaunchApplication" finished-at="2025-11-18T19:29:47 IST" duration-ms="2460" status="PASS">
          <reporter-output>
          </reporter-output>
        </test-method> <!-- LaunchApplication -->
        <test-method signature="productErrorValidation()[pri:0, instance:rahulshettyacademy.ErrorValidationTest@2e377400]" started-at="2025-11-18T19:29:47 IST" name="productErrorValidation" finished-at="2025-11-18T19:29:56 IST" duration-ms="8445" status="PASS">
          <reporter-output>
          </reporter-output>
        </test-method> <!-- productErrorValidation -->
        <test-method is-config="true" signature="tearDown()[pri:0, instance:rahulshettyacademy.ErrorValidationTest@2e377400]" started-at="2025-11-18T19:29:56 IST" name="tearDown" finished-at="2025-11-18T19:29:56 IST" duration-ms="215" status="PASS">
          <reporter-output>
          </reporter-output>
        </test-method> <!-- tearDown -->
      </class> <!-- rahulshettyacademy.ErrorValidationTest -->
    </test> <!-- Error validation   -->
  </suite> <!-- Suite -->
</testng-results>
