<?xml version="1.0" encoding="UTF-8"?>
<!-- Generated by org.testng.reporters.JUnitReportReporter -->
<testsuite hostname="Sign-DnyaneshwarG" failures="0" tests="2" name="rahulshettyacademy.SubmitOrderTest" time="17.533" errors="0" timestamp="2025-11-18T17:33:41 IST" skipped="0">
  <testcase classname="rahulshettyacademy.SubmitOrderTest" name="submitOrder" time="14.941"/>
  <testcase classname="rahulshettyacademy.SubmitOrderTest" name="orderHistoryTest" time="2.592"/>
</testsuite> <!-- rahulshettyacademy.SubmitOrderTest -->
