<?xml version="1.0" encoding="UTF-8"?>
<!-- Generated by org.testng.reporters.JUnitReportReporter -->
<testsuite hostname="Sign-DnyaneshwarG" failures="0" tests="2" name="rahulshettyacademy.SubmitOrderTest" time="15.319" errors="0" timestamp="2025-11-18T19:29:56 IST" skipped="0">
  <testcase classname="rahulshettyacademy.SubmitOrderTest" name="submitOrder" time="13.240"/>
  <testcase classname="rahulshettyacademy.SubmitOrderTest" name="orderHistoryTest" time="2.079"/>
</testsuite> <!-- rahulshettyacademy.SubmitOrderTest -->
